CUDA available? True
Device count: 1
[INFO|2025-01-15 09:36:50] llamafactory.hparams.parser:373 >> Process rank: 0, device: cuda:0, n_gpu: 1, distributed training: False, compute dtype: torch.bfloat16
[INFO|2025-01-15 09:36:53] llamafactory.data.template:157 >> Add pad token: <|eot_id|>
[INFO|2025-01-15 09:36:53] llamafactory.data.template:157 >> Add <|eot_id|>,<|eom_id|> to stop words.
[INFO|2025-01-15 09:36:53] llamafactory.data.loader:157 >> Loading dataset BALS_de_train_dataset.json...
training example:
input_ids:
[128000, 128006, 9125, 128007, 271, 2675, 527, 264, 11190, 15592, 18328, 369, 14807, 505, 6498, 311, 6063, 13, 1472, 28832, 4320, 449, 279, 2768, 4823, 13155, 25, 5324, 3129, 3332, 928, 9388, 128009, 128006, 882, 128007, 271, 5618, 15025, 279, 2768, 1495, 505, 6498, 311, 6063, 627, 37, 7618, 18977, 50, 128009, 128006, 78191, 128007, 271, 11673, 52, 643, 40451, 42, 320, 37, 7618, 18977, 50, 8, 128009]
inputs:
<|begin_of_text|><|start_header_id|>system<|end_header_id|>

You are a helpful AI assistant for translation from English to German. You MUST answer with the following JSON scheme: {"translation":"string"}<|eot_id|><|start_header_id|>user<|end_header_id|>

Please translate the following text from English to German.
FIREWORKS<|eot_id|><|start_header_id|>assistant<|end_header_id|>

FEUERWERK (FIREWORKS)<|eot_id|>
label_ids:
[-100, -100, -100, -100, -100, -100, -100, -100, -100, -100, -100, -100, -100, -100, -100, -100, -100, -100, -100, -100, -100, -100, -100, -100, -100, -100, -100, -100, -100, -100, -100, -100, -100, -100, -100, -100, -100, -100, -100, -100, -100, -100, -100, -100, -100, -100, -100, -100, -100, -100, -100, -100, -100, -100, -100, -100, 11673, 52, 643, 40451, 42, 320, 37, 7618, 18977, 50, 8, 128009]
labels:
FEUERWERK (FIREWORKS)<|eot_id|>
[INFO|2025-01-15 09:36:54] llamafactory.model.model_utils.quantization:157 >> Quantizing model to 8 bit with bitsandbytes.
[INFO|2025-01-15 09:38:37] llamafactory.model.model_utils.checkpointing:157 >> Upcasting layernorm weights in float32.
[INFO|2025-01-15 09:38:37] llamafactory.model.model_utils.checkpointing:157 >> Gradient checkpointing enabled.
[INFO|2025-01-15 09:38:37] llamafactory.model.model_utils.attention:157 >> Using torch SDPA for faster training and inference.
[INFO|2025-01-15 09:38:37] llamafactory.model.adapter:157 >> Upcasting trainable params to float32.
[INFO|2025-01-15 09:38:37] llamafactory.model.adapter:157 >> Fine-tuning method: LoRA
[INFO|2025-01-15 09:38:37] llamafactory.model.model_utils.misc:157 >> Found linear modules: up_proj,o_proj,gate_proj,v_proj,q_proj,down_proj,k_proj
[INFO|2025-01-15 09:38:39] llamafactory.model.loader:157 >> trainable params: 167,772,160 || all params: 8,198,033,408 || trainable%: 2.0465
{'train_runtime': 57.8237, 'train_samples_per_second': 4.024, 'train_steps_per_second': 0.017, 'train_loss': 2.0707528591156006, 'epoch': 0.01}
***** train metrics *****
  epoch                    =      0.011
  total_flos               =  1832972GF
  train_loss               =     2.0708
  train_runtime            = 0:00:57.82
  train_samples_per_second =      4.024
  train_steps_per_second   =      0.017
[WARNING|2025-01-15 09:39:39] llamafactory.extras.ploting:162 >> No metric loss to plot.
[WARNING|2025-01-15 09:39:39] llamafactory.extras.ploting:162 >> No metric eval_loss to plot.
[WARNING|2025-01-15 09:39:39] llamafactory.extras.ploting:162 >> No metric eval_accuracy to plot.
***** eval metrics *****
  epoch                   =      0.011
  eval_loss               =     2.2284
  eval_runtime            = 0:01:17.51
  eval_samples_per_second =     33.363
  eval_steps_per_second   =       2.09
[1;34mwandb[0m: 
[1;34mwandb[0m: 🚀 View run [33mtrain_2025-01-15-09-36-14[0m at: [34mhttps://wandb.ai/inaciovieira-alpha-crc/llamafactory/runs/icovowrp[0m
[1;34mwandb[0m: Find logs at: [1;35mwandb/run-20250115_093840-icovowrp/logs[0m
Found run ID icovowrp for run name train_2025-01-15-09-36-14
