=== NVIDIA Driver Version ===
Tue Jan  7 13:45:03 2025       
+-----------------------------------------------------------------------------------------+
| NVIDIA-SMI 555.42.06              Driver Version: 555.42.06      CUDA Version: 12.5     |
|-----------------------------------------+------------------------+----------------------+
| GPU  Name                 Persistence-M | Bus-Id          Disp.A | Volatile Uncorr. ECC |
| Fan  Temp   Perf          Pwr:Usage/Cap |           Memory-Usage | GPU-Util  Compute M. |
|                                         |                        |               MIG M. |
|=========================================+========================+======================|
|   0  NVIDIA A100-SXM4-80GB          On  |   00000000:2A:00.0 Off |                    0 |
| N/A   29C    P0             62W /  400W |       1MiB /  81920MiB |      0%      Default |
|                                         |                        |             Disabled |
+-----------------------------------------+------------------------+----------------------+
|   1  NVIDIA A100-SXM4-80GB          On  |   00000000:51:00.0 Off |                    0 |
| N/A   30C    P0             63W /  400W |       1MiB /  81920MiB |      0%      Default |
|                                         |                        |             Disabled |
+-----------------------------------------+------------------------+----------------------+
|   2  NVIDIA A100-SXM4-80GB          On  |   00000000:57:00.0 Off |                    0 |
| N/A   33C    P0             63W /  400W |       1MiB /  81920MiB |      0%      Default |
|                                         |                        |             Disabled |
+-----------------------------------------+------------------------+----------------------+
|   3  NVIDIA A100-SXM4-80GB          On  |   00000000:9E:00.0 Off |                    0 |
| N/A   33C    P0             62W /  400W |       1MiB /  81920MiB |      0%      Default |
|                                         |                        |             Disabled |
+-----------------------------------------+------------------------+----------------------+
                                                                                         
+-----------------------------------------------------------------------------------------+
| Processes:                                                                              |
|  GPU   GI   CI        PID   Type   Process name                              GPU Memory |
|        ID   ID                                                               Usage      |
|=========================================================================================|
|  No running processes found                                                             |
+-----------------------------------------------------------------------------------------+
==============================
Found existing installation: torch 2.4.1+cu121
Uninstalling torch-2.4.1+cu121:
  Successfully uninstalled torch-2.4.1+cu121
WARNING: Skipping torchvision as it is not installed.
WARNING: Skipping torchaudio as it is not installed.
WARNING: Skipping bitsandbytes as it is not installed.
Looking in indexes: https://download.pytorch.org/whl/cu121
Collecting torch
  Downloading https://download.pytorch.org/whl/cu121/torch-2.4.1%2Bcu121-cp38-cp38-linux_x86_64.whl (798.9 MB)
     ━━━━━━━━━━━━━━━━━━━━━━━━━━━━━━━━━━━━━ 798.9/798.9 MB 106.1 MB/s eta 0:00:00
Requirement already satisfied: filelock in /home/ivieira/mambaforge/envs/my-pip-env/lib/python3.8/site-packages (from torch) (3.16.1)
Requirement already satisfied: typing-extensions>=4.8.0 in /home/ivieira/mambaforge/envs/my-pip-env/lib/python3.8/site-packages (from torch) (4.12.2)
Requirement already satisfied: sympy in /home/ivieira/mambaforge/envs/my-pip-env/lib/python3.8/site-packages (from torch) (1.13.3)
Requirement already satisfied: networkx in /home/ivieira/mambaforge/envs/my-pip-env/lib/python3.8/site-packages (from torch) (3.1)
Requirement already satisfied: jinja2 in /home/ivieira/mambaforge/envs/my-pip-env/lib/python3.8/site-packages (from torch) (3.1.4)
Requirement already satisfied: fsspec in /home/ivieira/mambaforge/envs/my-pip-env/lib/python3.8/site-packages (from torch) (2024.9.0)
Requirement already satisfied: nvidia-cuda-nvrtc-cu12==12.1.105 in /home/ivieira/mambaforge/envs/my-pip-env/lib/python3.8/site-packages (from torch) (12.1.105)
Requirement already satisfied: nvidia-cuda-runtime-cu12==12.1.105 in /home/ivieira/mambaforge/envs/my-pip-env/lib/python3.8/site-packages (from torch) (12.1.105)
Requirement already satisfied: nvidia-cuda-cupti-cu12==12.1.105 in /home/ivieira/mambaforge/envs/my-pip-env/lib/python3.8/site-packages (from torch) (12.1.105)
Requirement already satisfied: nvidia-cudnn-cu12==9.1.0.70 in /home/ivieira/mambaforge/envs/my-pip-env/lib/python3.8/site-packages (from torch) (9.1.0.70)
Requirement already satisfied: nvidia-cublas-cu12==12.1.3.1 in /home/ivieira/mambaforge/envs/my-pip-env/lib/python3.8/site-packages (from torch) (12.1.3.1)
Requirement already satisfied: nvidia-cufft-cu12==11.0.2.54 in /home/ivieira/mambaforge/envs/my-pip-env/lib/python3.8/site-packages (from torch) (11.0.2.54)
Requirement already satisfied: nvidia-curand-cu12==10.3.2.106 in /home/ivieira/mambaforge/envs/my-pip-env/lib/python3.8/site-packages (from torch) (10.3.2.106)
Requirement already satisfied: nvidia-cusolver-cu12==11.4.5.107 in /home/ivieira/mambaforge/envs/my-pip-env/lib/python3.8/site-packages (from torch) (11.4.5.107)
Requirement already satisfied: nvidia-cusparse-cu12==12.1.0.106 in /home/ivieira/mambaforge/envs/my-pip-env/lib/python3.8/site-packages (from torch) (12.1.0.106)
Requirement already satisfied: nvidia-nccl-cu12==2.20.5 in /home/ivieira/mambaforge/envs/my-pip-env/lib/python3.8/site-packages (from torch) (2.20.5)
Requirement already satisfied: nvidia-nvtx-cu12==12.1.105 in /home/ivieira/mambaforge/envs/my-pip-env/lib/python3.8/site-packages (from torch) (12.1.105)
Requirement already satisfied: triton==3.0.0 in /home/ivieira/mambaforge/envs/my-pip-env/lib/python3.8/site-packages (from torch) (3.0.0)
Requirement already satisfied: nvidia-nvjitlink-cu12 in /home/ivieira/mambaforge/envs/my-pip-env/lib/python3.8/site-packages (from nvidia-cusolver-cu12==11.4.5.107->torch) (12.6.85)
Requirement already satisfied: MarkupSafe>=2.0 in /home/ivieira/mambaforge/envs/my-pip-env/lib/python3.8/site-packages (from jinja2->torch) (2.1.5)
Requirement already satisfied: mpmath<1.4,>=1.1.0 in /home/ivieira/mambaforge/envs/my-pip-env/lib/python3.8/site-packages (from sympy->torch) (1.3.0)
Installing collected packages: torch
Successfully installed torch-2.4.1+cu121
=== Verifying PyTorch CUDA Availability ===
PyTorch version: 2.4.1+cu121
PyTorch CUDA available: False
CUDA Version: 12.1
Number of GPUs: 0
GPU Names: []
==========================================
Traceback (most recent call last):
  File "<string>", line 1, in <module>
AssertionError: PyTorch CUDA is not available
PyTorch CUDA is not available. Exiting.
